<?xml version="1.0" encoding="UTF-8" ?>
<testsuite failures="0" time="0.248" errors="1" skipped="0" tests="1" name="com.ming.soap.wsdl.support.SoapClientTest">
  <properties>
[...]
</properties>
  <testcase time="0.206" classname="com.ming.soap.wsdl.support.SoapClientTest" name="test01">
    <error message="[WsdlEntitys parser failed, the Exception is JAXBException;]" type="com.ming.soap.xml.parser.XmlParserException">com.ming.soap.xml.parser.XmlParserException: [WsdlEntitys parser failed, the Exception is JAXBException;]
	at com.ming.soap.xml.parser.WsdlEntityParser.parser(WsdlEntityParser.java:68)
	at com.ming.soap.xml.parser.WsdlEntityParser.loadWsdlEntitys(WsdlEntityParser.java:48)
	at com.ming.soap.xml.parser.WsdlEntityParser.getWsdlEntitys(WsdlEntityParser.java:39)
	at com.ming.soap.xml.parser.WsdlEntityParser.getWsdlEntity(WsdlEntityParser.java:32)
	at com.ming.soap.wsdl.support.SoapClientTest.test01(SoapClientTest.java:17)
	at sun.reflect.NativeMethodAccessorImpl.invoke0(Native Method)
	at sun.reflect.NativeMethodAccessorImpl.invoke(NativeMethodAccessorImpl.java:39)
	at sun.reflect.DelegatingMethodAccessorImpl.invoke(DelegatingMethodAccessorImpl.java:25)
	at java.lang.reflect.Method.invoke(Method.java:597)
	at org.junit.runners.model.FrameworkMethod$1.runReflectiveCall(FrameworkMethod.java:45)
	at org.junit.internal.runners.model.ReflectiveCallable.run(ReflectiveCallable.java:15)
	at org.junit.runners.model.FrameworkMethod.invokeExplosively(FrameworkMethod.java:42)
	at org.junit.internal.runners.statements.InvokeMethod.evaluate(InvokeMethod.java:20)
	at org.junit.runners.ParentRunner.runLeaf(ParentRunner.java:263)
	at org.junit.runners.BlockJUnit4ClassRunner.runChild(BlockJUnit4ClassRunner.java:68)
	at org.junit.runners.BlockJUnit4ClassRunner.runChild(BlockJUnit4ClassRunner.java:47)
	at org.junit.runners.ParentRunner$3.run(ParentRunner.java:231)
	at org.junit.runners.ParentRunner$1.schedule(ParentRunner.java:60)
	at org.junit.runners.ParentRunner.runChildren(ParentRunner.java:229)
	at org.junit.runners.ParentRunner.access$000(ParentRunner.java:50)
	at org.junit.runners.ParentRunner$2.evaluate(ParentRunner.java:222)
	at org.junit.runners.ParentRunner.run(ParentRunner.java:300)
	at org.apache.maven.surefire.junit4.JUnit4TestSet.execute(JUnit4TestSet.java:53)
	at org.apache.maven.surefire.junit4.JUnit4Provider.executeTestSet(JUnit4Provider.java:123)
	at org.apache.maven.surefire.junit4.JUnit4Provider.invoke(JUnit4Provider.java:104)
	at sun.reflect.NativeMethodAccessorImpl.invoke0(Native Method)
	at sun.reflect.NativeMethodAccessorImpl.invoke(NativeMethodAccessorImpl.java:39)
	at sun.reflect.DelegatingMethodAccessorImpl.invoke(DelegatingMethodAccessorImpl.java:25)
	at java.lang.reflect.Method.invoke(Method.java:597)
	at org.apache.maven.surefire.util.ReflectionUtils.invokeMethodWithArray(ReflectionUtils.java:164)
	at org.apache.maven.surefire.booter.ProviderFactory$ProviderProxy.invoke(ProviderFactory.java:110)
	at org.apache.maven.surefire.booter.SurefireStarter.invokeProvider(SurefireStarter.java:175)
	at org.apache.maven.surefire.booter.SurefireStarter.runSuitesInProcessWhenForked(SurefireStarter.java:107)
	at org.apache.maven.surefire.booter.ForkedBooter.main(ForkedBooter.java:68)
Caused by: org.xml.sax.SAXParseException: s4s-elt-character: Non-whitespace characters are not allowed in schema elements other than &apos;xs:appinfo&apos; and &apos;xs:documentation&apos;. Saw &apos;GetInfoServiceImplService&apos;.
	at com.ming.soap.xml.parser.AbstractXmlParser.XSDValidate(AbstractXmlParser.java:62)
	at com.ming.soap.xml.parser.WsdlEntityParser.parser(WsdlEntityParser.java:61)
	... 33 more
Caused by: org.xml.sax.SAXParseException: s4s-elt-character: Non-whitespace characters are not allowed in schema elements other than &apos;xs:appinfo&apos; and &apos;xs:documentation&apos;. Saw &apos;GetInfoServiceImplService&apos;.
	at com.sun.org.apache.xerces.internal.util.ErrorHandlerWrapper.createSAXParseException(ErrorHandlerWrapper.java:195)
	at com.sun.org.apache.xerces.internal.util.ErrorHandlerWrapper.error(ErrorHandlerWrapper.java:131)
	at com.sun.org.apache.xerces.internal.impl.XMLErrorReporter.reportError(XMLErrorReporter.java:384)
	at com.sun.org.apache.xerces.internal.impl.XMLErrorReporter.reportError(XMLErrorReporter.java:318)
	at com.sun.org.apache.xerces.internal.impl.xs.opti.SchemaDOMParser.characters(SchemaDOMParser.java:188)
	at com.sun.org.apache.xerces.internal.impl.XMLDocumentFragmentScannerImpl.scanDocument(XMLDocumentFragmentScannerImpl.java:464)
	at com.sun.org.apache.xerces.internal.impl.xs.opti.SchemaParsingConfig.parse(SchemaParsingConfig.java:435)
	at com.sun.org.apache.xerces.internal.impl.xs.opti.SchemaParsingConfig.parse(SchemaParsingConfig.java:491)
	at com.sun.org.apache.xerces.internal.impl.xs.opti.SchemaDOMParser.parse(SchemaDOMParser.java:510)
	at com.sun.org.apache.xerces.internal.impl.xs.traversers.XSDHandler.getSchemaDocument(XSDHandler.java:1802)
	at com.sun.org.apache.xerces.internal.impl.xs.traversers.XSDHandler.parseSchema(XSDHandler.java:531)
	at com.sun.org.apache.xerces.internal.impl.xs.XMLSchemaLoader.loadSchema(XMLSchemaLoader.java:556)
	at com.sun.org.apache.xerces.internal.impl.xs.XMLSchemaLoader.loadGrammar(XMLSchemaLoader.java:523)
	at com.sun.org.apache.xerces.internal.impl.xs.XMLSchemaLoader.loadGrammar(XMLSchemaLoader.java:489)
	at com.sun.org.apache.xerces.internal.jaxp.validation.XMLSchemaFactory.newSchema(XMLSchemaFactory.java:224)
	at javax.xml.validation.SchemaFactory.newSchema(SchemaFactory.java:594)
	at com.ming.soap.xml.parser.AbstractXmlParser.XSDValidate(AbstractXmlParser.java:55)
	... 34 more
</error>
    <system-err>org.xml.sax.SAXParseException: s4s-elt-character: Non-whitespace characters are not allowed in schema elements other than &apos;xs:appinfo&apos; and &apos;xs:documentation&apos;. Saw &apos;GetInfoServiceImplService&apos;.
	at com.sun.org.apache.xerces.internal.util.ErrorHandlerWrapper.createSAXParseException(ErrorHandlerWrapper.java:195)
	at com.sun.org.apache.xerces.internal.util.ErrorHandlerWrapper.error(ErrorHandlerWrapper.java:131)
	at com.sun.org.apache.xerces.internal.impl.XMLErrorReporter.reportError(XMLErrorReporter.java:384)
	at com.sun.org.apache.xerces.internal.impl.XMLErrorReporter.reportError(XMLErrorReporter.java:318)
	at com.sun.org.apache.xerces.internal.impl.xs.opti.SchemaDOMParser.characters(SchemaDOMParser.java:188)
	at com.sun.org.apache.xerces.internal.impl.XMLDocumentFragmentScannerImpl.scanDocument(XMLDocumentFragmentScannerImpl.java:464)
	at com.sun.org.apache.xerces.internal.impl.xs.opti.SchemaParsingConfig.parse(SchemaParsingConfig.java:435)
	at com.sun.org.apache.xerces.internal.impl.xs.opti.SchemaParsingConfig.parse(SchemaParsingConfig.java:491)
	at com.sun.org.apache.xerces.internal.impl.xs.opti.SchemaDOMParser.parse(SchemaDOMParser.java:510)
	at com.sun.org.apache.xerces.internal.impl.xs.traversers.XSDHandler.getSchemaDocument(XSDHandler.java:1802)
	at com.sun.org.apache.xerces.internal.impl.xs.traversers.XSDHandler.parseSchema(XSDHandler.java:531)
	at com.sun.org.apache.xerces.internal.impl.xs.XMLSchemaLoader.loadSchema(XMLSchemaLoader.java:556)
	at com.sun.org.apache.xerces.internal.impl.xs.XMLSchemaLoader.loadGrammar(XMLSchemaLoader.java:523)
	at com.sun.org.apache.xerces.internal.impl.xs.XMLSchemaLoader.loadGrammar(XMLSchemaLoader.java:489)
	at com.sun.org.apache.xerces.internal.jaxp.validation.XMLSchemaFactory.newSchema(XMLSchemaFactory.java:224)
	at javax.xml.validation.SchemaFactory.newSchema(SchemaFactory.java:594)
	at com.ming.soap.xml.parser.AbstractXmlParser.XSDValidate(AbstractXmlParser.java:55)
	at com.ming.soap.xml.parser.WsdlEntityParser.parser(WsdlEntityParser.java:61)
	at com.ming.soap.xml.parser.WsdlEntityParser.loadWsdlEntitys(WsdlEntityParser.java:48)
	at com.ming.soap.xml.parser.WsdlEntityParser.getWsdlEntitys(WsdlEntityParser.java:39)
	at com.ming.soap.xml.parser.WsdlEntityParser.getWsdlEntity(WsdlEntityParser.java:32)
	at com.ming.soap.wsdl.support.SoapClientTest.test01(SoapClientTest.java:17)
	at sun.reflect.NativeMethodAccessorImpl.invoke0(Native Method)
	at sun.reflect.NativeMethodAccessorImpl.invoke(NativeMethodAccessorImpl.java:39)
	at sun.reflect.DelegatingMethodAccessorImpl.invoke(DelegatingMethodAccessorImpl.java:25)
	at java.lang.reflect.Method.invoke(Method.java:597)
	at org.junit.runners.model.FrameworkMethod$1.runReflectiveCall(FrameworkMethod.java:45)
	at org.junit.internal.runners.model.ReflectiveCallable.run(ReflectiveCallable.java:15)
	at org.junit.runners.model.FrameworkMethod.invokeExplosively(FrameworkMethod.java:42)
	at org.junit.internal.runners.statements.InvokeMethod.evaluate(InvokeMethod.java:20)
	at org.junit.runners.ParentRunner.runLeaf(ParentRunner.java:263)
	at org.junit.runners.BlockJUnit4ClassRunner.runChild(BlockJUnit4ClassRunner.java:68)
	at org.junit.runners.BlockJUnit4ClassRunner.runChild(BlockJUnit4ClassRunner.java:47)
	at org.junit.runners.ParentRunner$3.run(ParentRunner.java:231)
	at org.junit.runners.ParentRunner$1.schedule(ParentRunner.java:60)
	at org.junit.runners.ParentRunner.runChildren(ParentRunner.java:229)
	at org.junit.runners.ParentRunner.access$000(ParentRunner.java:50)
	at org.junit.runners.ParentRunner$2.evaluate(ParentRunner.java:222)
	at org.junit.runners.ParentRunner.run(ParentRunner.java:300)
	at org.apache.maven.surefire.junit4.JUnit4TestSet.execute(JUnit4TestSet.java:53)
	at org.apache.maven.surefire.junit4.JUnit4Provider.executeTestSet(JUnit4Provider.java:123)
	at org.apache.maven.surefire.junit4.JUnit4Provider.invoke(JUnit4Provider.java:104)
	at sun.reflect.NativeMethodAccessorImpl.invoke0(Native Method)
	at sun.reflect.NativeMethodAccessorImpl.invoke(NativeMethodAccessorImpl.java:39)
	at sun.reflect.DelegatingMethodAccessorImpl.invoke(DelegatingMethodAccessorImpl.java:25)
	at java.lang.reflect.Method.invoke(Method.java:597)
	at org.apache.maven.surefire.util.ReflectionUtils.invokeMethodWithArray(ReflectionUtils.java:164)
	at org.apache.maven.surefire.booter.ProviderFactory$ProviderProxy.invoke(ProviderFactory.java:110)
	at org.apache.maven.surefire.booter.SurefireStarter.invokeProvider(SurefireStarter.java:175)
	at org.apache.maven.surefire.booter.SurefireStarter.runSuitesInProcessWhenForked(SurefireStarter.java:107)
	at org.apache.maven.surefire.booter.ForkedBooter.main(ForkedBooter.java:68)
</system-err>
  </testcase>
</testsuite>